Parsing &c(1/354985) ........  Done!
Parsing 'd(2/354985) ........  Done!
Parsing 'em(3/354985) ........  Done!
Parsing 'll(4/354985) ........  Done!
Parsing 'm(5/354985) ........  Done!
Parsing 'mid(6/354985) ........  Done!
Parsing 'midst(7/354985) ........  Done!
Parsing 'mongst(8/354985) ........  Done!
Parsing 'prentice(9/354985) ........  Done!
Parsing 're(10/354985) ........  Done!
Parsing 's(11/354985) ........  Done!
Parsing 'sblood(12/354985) ........  Done!
Parsing 'sbodikins(13/354985) ........  Done!
Parsing 'sdeath(14/354985) ........  Done!
Parsing 'sfoot(15/354985) ........  Done!
Parsing 'sheart(16/354985) ........  Done!
Parsing 'shun(17/354985) ........  Done!
Parsing 'slid(18/354985) ........  Done!
Parsing 'slife(19/354985) ........  Done!
Parsing 'slight(20/354985) ........  Done!
Parsing 'snails(21/354985) ........  Done!
Parsing 'strewth(22/354985) ........  Done!
Parsing 't(23/354985) ........  Done!
Parsing 'til(24/354985) ........  Done!
Parsing 'tis(25/354985) ........  Done!
Parsing 'twas(26/354985) ........  Done!
Parsing 'tween(27/354985) ........  Done!
Parsing 'twere(28/354985) ........  Done!
Parsing 'twill(29/354985) ........  Done!
Parsing 'twixt(30/354985) ........  Done!
Parsing 'twould(31/354985) ........  Done!
Parsing 'un(32/354985) ........  Done!
Parsing 've(33/354985) ........  Done!
Parsing 1080(34/354985) ........  Done!
Parsing 10th(35/354985) ........  Done!
Parsing 1st(36/354985) ........  Done!
Parsing 2(37/354985) ........  Done!
Parsing 2nd(38/354985) ........  Done!
Parsing 3rd(39/354985) ........  Done!
Parsing 4th(40/354985) ........  Done!
Parsing 5th(41/354985) ........  Done!
Parsing 6th(42/354985) ........  Done!
Parsing 7th(43/354985) ........  Done!
Parsing 8th(44/354985) ........  Done!
Parsing 9th(45/354985) ........  Done!
Parsing a(46/354985) ........  Done!
Parsing a'(47/354985) ........  Done!
Parsing a's(48/354985) ........  Done!
Parsing a/c(49/354985) ........  Ignored
Parsing a1(50/354985) ........  Done!
Parsing aa(51/354985) ........  Done!
Parsing aaa(52/354985) ........  Done!
Parsing aah(53/354985) ........  Done!
Parsing aahed(54/354985) ........  Done!
Parsing aahing(55/354985) ........  Done!
Parsing aahs(56/354985) ........  Done!
Parsing aal(57/354985) ........  Done!
Parsing aalii(58/354985) ........  Done!
Parsing aaliis(59/354985) ........  Done!
Parsing aals(60/354985) ........  Done!
Parsing aam(61/354985) ........  Done!
Parsing aardvark(62/354985) ........  Done!
Parsing aardvarks(63/354985) ........  Done!
Parsing aardwolf(64/354985) ........  Done!
Parsing aardwolves(65/354985) ........  Done!
Parsing aargh(66/354985) ........  Done!
Parsing aaron(67/354985) ........  Done!
Parsing aaronic(68/354985) ........  Done!
Parsing aarrgh(69/354985) ........  Done!
Parsing aarrghh(70/354985) ........  Done!
Parsing aas(71/354985) ........  Done!
Parsing aasvogel(72/354985) ........  Done!
Parsing aasvogels(73/354985) ........  Done!
Parsing ab(74/354985) ........  Done!
Parsing aba(75/354985) ........  Done!
Parsing abac(76/354985) ........  Done!
Parsing abaca(77/354985) ........  Done!
Parsing abacas(78/354985) ........  Done!
Parsing abacate(79/354985) ........  Done!
Parsing abacaxi(80/354985) ........  Done!
Parsing abacay(81/354985) ........  Done!
Parsing abaci(82/354985) ........  Done!
Parsing abacinate(83/354985) ........  Done!
Parsing abacination(84/354985) ........  Done!
Parsing abacisci(85/354985) ........  Done!
Parsing abaciscus(86/354985) ........  Done!
Parsing abacist(87/354985) ........  Done!
Parsing aback(88/354985) ........  Done!
Parsing abacli(89/354985) ........  Done!
Parsing abacot(90/354985) ........  Done!
Parsing abacterial(91/354985) ........  Done!
Parsing abactinal(92/354985) ........  Done!
Parsing abactinally(93/354985) ........  Done!
Parsing abaction(94/354985) ........  Done!
Parsing abactor(95/354985) ........  Done!
Parsing abaculi(96/354985) ........  Done!
Parsing abaculus(97/354985) ........  Done!
Parsing abacus(98/354985) ........  Done!
Parsing abacuses(99/354985) ........  Done!
Parsing abada(100/354985) ........  Done!
Parsing abaddon(101/354985) ........  Done!
Parsing abadejo(102/354985) ........  Done!
Parsing abadengo(103/354985) ........  Done!
Parsing abadia(104/354985) ........  Done!
Parsing abaff(105/354985) ........  Done!
Parsing abaft(106/354985) ........  Done!
Parsing abaisance(107/354985) ........  Done!
Parsing abaised(108/354985) ........  Done!
Parsing abaiser(109/354985) ........  Done!
Parsing abaisse(110/354985) ........  Done!
Parsing abaissed(111/354985) ........  Done!
Parsing abaka(112/354985) ........  Done!
Parsing abakas(113/354985) ........  Done!
Parsing abalation(114/354985) ........  Done!
Parsing abalienate(115/354985) ........  Done!
Parsing abalienated(116/354985) ........  Done!
Parsing abalienating(117/354985) ........  Done!
Parsing abalienation(118/354985) ........  Done!
Parsing abalone(119/354985) ........  Done!
Parsing abalones(120/354985) ........  Done!
Parsing abamp(121/354985) ........  Done!
Parsing abampere(122/354985) ........  Done!
Parsing abamperes(123/354985) ........  Done!
Parsing abamps(124/354985) ........  Done!
Parsing aband(125/354985) ........  Done!
Parsing abandon(126/354985) ........  Done!
Parsing abandonable(127/354985) ........  Done!
Parsing abandoned(128/354985) ........  Done!
Parsing abandonedly(129/354985) ........  Done!
Parsing abandonee(130/354985) ........  Done!
Parsing abandoner(131/354985) ........  Done!
Parsing abandoners(132/354985) ........  Done!
Parsing abandoning(133/354985) ........  Done!
Parsing abandonment(134/354985) ........  Done!
Parsing abandonments(135/354985) ........  Done!
Parsing abandons(136/354985) ........  Done!
Parsing abandum(137/354985) ........  Done!
Parsing abanet(138/354985) ........  Done!
Parsing abanga(139/354985) ........  Done!
Parsing abannition(140/354985) ........  Done!
Parsing abapical(141/354985) ........  Done!
Parsing abaptiston(142/354985) ........  Done!
Parsing abaptistum(143/354985) ........  Done!
Parsing abarthrosis(144/354985) ........  Done!
Parsing abarticular(145/354985) ........  Done!
Parsing abarticulation(146/354985) ........  Done!
Parsing abas(147/354985) ........  Done!
Parsing abase(148/354985) ........  Done!
Parsing abased(149/354985) ........  Done!
Parsing abasedly(150/354985) ........  Done!
Parsing abasedness(151/354985) ........  Done!
Parsing abasement(152/354985) ........  Done!
Parsing abasements(153/354985) ........  Done!
Parsing abaser(154/354985) ........  Done!
Parsing abasers(155/354985) ........  Done!
Parsing abases(156/354985) ........  Done!
Parsing abash(157/354985) ........  Done!
Parsing abashed(158/354985) ........  Done!
Parsing abashedly(159/354985) ........  Done!
Parsing abashedness(160/354985) ........  Done!
Parsing abashes(161/354985) ........  Done!
Parsing abashing(162/354985) ........  Done!
Parsing abashless(163/354985) ........  Done!
Parsing abashlessly(164/354985) ........  Done!
Parsing abashment(165/354985) ........  Done!
Parsing abashments(166/354985) ........  Done!
Parsing abasia(167/354985) ........  Done!
Parsing abasias(168/354985) ........  Done!
Parsing abasic(169/354985) ........  Done!
Parsing abasing(170/354985) ........  Done!
Parsing abasio(171/354985) ........  Done!
Parsing abask(172/354985) ........  Done!
Parsing abassi(173/354985) ........  Done!
Parsing abastard(174/354985) ........  Done!
Parsing abastardize(175/354985) ........  Done!
Parsing abastral(176/354985) ........  Done!
Parsing abatable(177/354985) ........  Done!
Parsing abatage(178/354985) ........  Done!
Parsing abate(179/354985) ........  Done!
Parsing abated(180/354985) ........  Done!
Parsing abatement(181/354985) ........  Done!
Parsing abatements(182/354985) ........  Done!
Parsing abater(183/354985) ........  Done!
Parsing abaters(184/354985) ........  Done!
Parsing abates(185/354985) ........  Done!
Parsing abatic(186/354985) ........  Done!
Parsing abating(187/354985) ........  Done!
Parsing abatis(188/354985) ........  Done!
Parsing abatised(189/354985) ........  Done!
Parsing abatises(190/354985) ........  Done!
Parsing abatjour(191/354985) ........  Done!
Parsing abatjours(192/354985) ........  Done!
Parsing abaton(193/354985) ........  Done!
Parsing abator(194/354985) ........  Done!
Parsing abators(195/354985) ........  Done!
Parsing abattage(196/354985) ........  Done!
Parsing abattis(197/354985) ........  Done!
Parsing abattised(198/354985) ........  Done!
Parsing abattises(199/354985) ........  Done!
Parsing abattoir(200/354985) ........  Done!
Parsing abattoirs(201/354985) ........  Done!
Parsing abattu(202/354985) ........  Done!
Parsing abattue(203/354985) ........  Done!
Parsing abature(204/354985) ........  Done!
Parsing abaue(205/354985) ........  Done!
Parsing abave(206/354985) ........  Done!
Parsing abaxial(207/354985) ........  Done!
Parsing abaxile(208/354985) ........  Done!
Parsing abay(209/354985) ........  Done!
Parsing abayah(210/354985) ........  Done!
Parsing abaze(211/354985) ........  Done!
Parsing abb(212/354985) ........  Done!
Parsing abba(213/354985) ........  Done!
Parsing abbacies(214/354985) ........  Done!
Parsing abbacomes(215/354985) ........  Done!
Parsing abbacy(216/354985) ........  Done!
Parsing abbandono(217/354985) ........  Done!
Parsing abbas(218/354985) ........  Done!
Parsing abbasi(219/354985) ........  Done!
Parsing abbasid(220/354985) ........  Done!
Parsing abbassi(221/354985) ........  Done!
Parsing abbate(222/354985) ........  Done!
Parsing abbatial(223/354985) ........  Done!
Parsing abbatical(224/354985) ........  Done!
Parsing abbatie(225/354985) ........  Done!
Parsing abbaye(226/354985) ........  Done!
Parsing abbe(227/354985) ........  Done!
Parsing abbes(228/354985) ........  Done!
Parsing abbess(229/354985) ........  Done!
Parsing abbesses(230/354985) ........  Done!
Parsing abbest(231/354985) ........  Done!
Parsing abbevillian(232/354985) ........  Done!
Parsing abbey(233/354985) ........  Done!
Parsing abbey's(234/354985) ........  Done!
Parsing abbeys(235/354985) ........  Done!
Parsing abbeystead(236/354985) ........  Done!
Parsing abbeystede(237/354985) ........  Done!
Parsing abboccato(238/354985) ........  Done!
Parsing abbogada(239/354985) ........  Done!
Parsing abbot(240/354985) ........  Done!
Parsing abbot's(241/354985) ........  Done!
Parsing abbotcies(242/354985) ........  Done!
Parsing abbotcy(243/354985) ........  Done!
Parsing abbotnullius(244/354985) ........  Done!
Parsing abbotric(245/354985) ........  Done!
Parsing abbots(246/354985) ........  Done!
Parsing abbotship(247/354985) ........  Done!
Parsing abbotships(248/354985) ........  Done!
Parsing abbott(249/354985) ........  Done!
Parsing abbozzo(250/354985) ........  Done!
Parsing abbr(251/354985) ........  Done!
Parsing abbrev(252/354985) ........  Done!
Parsing abbreviatable(253/354985) ........  Done!
Parsing abbreviate(254/354985) ........  Done!
Parsing abbreviated(255/354985) ........  Done!
Parsing abbreviately(256/354985) ........  Done!
Parsing abbreviates(257/354985) ........  Done!
Parsing abbreviating(258/354985) ........  Done!
Parsing abbreviation(259/354985) ........  Done!
Parsing abbreviations(260/354985) ........  Done!
Parsing abbreviator(261/354985) ........  Done!
Parsing abbreviators(262/354985) ........  Done!
Parsing abbreviatory(263/354985) ........  Done!
Parsing abbreviature(264/354985) ........  Done!
Parsing abbroachment(265/354985) ........  Done!
Parsing abby(266/354985) ........  Done!
Parsing abc(267/354985) ........  Done!
Parsing abcess(268/354985) ........  Done!
Parsing abcissa(269/354985) ........  Done!
Parsing abcoulomb(270/354985) ........  Done!
Parsing abd(271/354985) ........  Done!
Parsing abdal(272/354985) ........  Done!
Parsing abdali(273/354985) ........  Done!
Parsing abdaria(274/354985) ........  Done!
Parsing abdat(275/354985) ........  Done!
Parsing abdest(276/354985) ........  Done!
Parsing abdicable(277/354985) ........  Done!
Parsing abdicant(278/354985) ........  Done!
Parsing abdicate(279/354985) ........  Done!
Parsing abdicated(280/354985) ........  Done!
Parsing abdicates(281/354985) ........  Done!
Parsing abdicating(282/354985) ........  Done!
Parsing abdication(283/354985) ........  Done!
Parsing abdications(284/354985) ........  Done!
Parsing abdicative(285/354985) ........  Done!
Parsing abdicator(286/354985) ........  Done!
Parsing abditive(287/354985) ........  Done!
Parsing abditory(288/354985) ........  Done!
Parsing abdom(289/354985) ........  Done!
Parsing abdomen(290/354985) ........  Done!
Parsing abdomen's(291/354985) ........  Done!
Parsing abdomens(292/354985) ........  Done!
Parsing abdomina(293/354985) ........  Done!
Parsing abdominal(294/354985) ........  Done!
Parsing abdominales(295/354985) ........  Done!
Parsing abdominalia(296/354985) ........  Done!
Parsing abdominalian(297/354985) ........  Done!
Parsing abdominally(298/354985) ........  Done!
Parsing abdominals(299/354985) ........  Done!
Parsing abdominoanterior(300/354985) ........  Done!
Parsing abdominocardiac(301/354985) ........  Done!
Parsing abdominocentesis(302/354985) ........  Done!
Parsing abdominocystic(303/354985) ........  Done!
Parsing abdominogenital(304/354985) ........  Done!
Parsing abdominohysterectomy(305/354985) ........  Done!
Parsing abdominohysterotomy(306/354985) ........  Done!
Parsing abdominoposterior(307/354985) ........  Done!
Parsing abdominoscope(308/354985) ........  Done!
Parsing abdominoscopy(309/354985) ........  Done!
Parsing abdominothoracic(310/354985) ........  Done!
Parsing abdominous(311/354985) ........  Done!
Parsing abdominovaginal(312/354985) ........  Done!
Parsing abdominovesical(313/354985) ........  Done!
Parsing abduce(314/354985) ........  Done!
Parsing abduced(315/354985) ........  Done!
Parsing abducens(316/354985) ........  Done!
Parsing abducent(317/354985) ........  Done!
Parsing abducentes(318/354985) ........  Done!
Parsing abduces(319/354985) ........  Done!
Parsing abducing(320/354985) ........  Done!
Parsing abduct(321/354985) ........  Done!
Parsing abducted(322/354985) ........  Done!
Parsing abducting(323/354985) ........  Done!
Parsing abduction(324/354985) ........  Done!
Parsing abduction's(325/354985) ........  Done!
Parsing abductions(326/354985) ........  Done!
Parsing abductor(327/354985) ........  Done!
Parsing abductor's(328/354985) ........  Done!
Parsing abductores(329/354985) ........  Done!
Parsing abductors(330/354985) ........  Done!
Parsing abducts(331/354985) ........  Done!
Parsing abeam(332/354985) ........  Done!
Parsing abear(333/354985) ........  Done!
Parsing abearance(334/354985) ........  Done!
Parsing abecedaire(335/354985) ........  Done!
Parsing abecedaria(336/354985) ........  Done!
Parsing abecedarian(337/354985) ........  Done!
Parsing abecedarians(338/354985) ........  Done!
Parsing abecedaries(339/354985) ........  Done!
Parsing abecedarium(340/354985) ........  Done!
Parsing abecedarius(341/354985) ........  Done!
Parsing abecedary(342/354985) ........  Done!
Parsing abed(343/354985) ........  Done!
Parsing abede(344/354985) ........  Done!
Parsing abedge(345/354985) ........  Done!
Parsing abegge(346/354985) ........  Done!
Parsing abeigh(347/354985) ........  Done!
Parsing abel(348/354985) ........  Done!
Parsing abele(349/354985) ........  Done!
Parsing abeles(350/354985) ........  Done!
Parsing abelian(351/354985) ........  Done!
Parsing abelite(352/354985) ........  Done!
Parsing abelmosk(353/354985) ........  Done!
Parsing abelmosks(354/354985) ........  Done!
Parsing abelmusk(355/354985) ........  Done!
Parsing abeltree(356/354985) ........  Done!
Parsing abend(357/354985) ........  Done!
Parsing abends(358/354985) ........  Done!
Parsing abenteric(359/354985) ........  Done!
Parsing abepithymia(360/354985) ........  Done!
Parsing aberdavine(361/354985) ........  Done!
Parsing aberdeen(362/354985) ........  Done!
Parsing aberdevine(363/354985) ........  Done!
Parsing aberduvine(364/354985) ........  Done!
Parsing abernethy(365/354985) ........  Done!
Parsing aberr(366/354985) ........  Done!
Parsing aberrance(367/354985) ........  Done!
Parsing aberrancies(368/354985) ........  Done!
Parsing aberrancy(369/354985) ........  Done!
Parsing aberrant(370/354985) ........  Done!
Parsing aberrantly(371/354985) ........  Done!
Parsing aberrants(372/354985) ........  Done!
Parsing aberrate(373/354985) ........  Done!
Parsing aberrated(374/354985) ........  Done!
Parsing aberrating(375/354985) ........  Done!
Parsing aberration(376/354985) ........  Done!
Parsing aberrational(377/354985) ........  Done!
Parsing aberrations(378/354985) ........  Done!
Parsing aberrative(379/354985) ........  Done!
Parsing aberrator(380/354985) ........  Done!
Parsing aberrometer(381/354985) ........  Done!
Parsing aberroscope(382/354985) ........  Done!
Parsing aberuncate(383/354985) ........  Done!
Parsing aberuncator(384/354985) ........  Done!
Parsing abesse(385/354985) ........  Done!
Parsing abessive(386/354985) ........  Done!
Parsing abet(387/354985) ........  Done!
Parsing abetment(388/354985) ........  Done!
Parsing abetments(389/354985) ........  Done!
Parsing abets(390/354985) ........  Done!
Parsing abettal(391/354985) ........  Done!
Parsing abettals(392/354985) ........  Done!
Parsing abetted(393/354985) ........  Done!
Parsing abetter(394/354985) ........  Done!
Parsing abetters(395/354985) ........  Done!
Parsing abetting(396/354985) ........  Done!
Parsing abettor(397/354985) ........  Done!
Parsing abettors(398/354985) ........  Done!
Parsing abevacuation(399/354985) ........  Done!
Parsing abey(400/354985) ........  Done!
Parsing abeyance(401/354985) ........  Done!
Parsing abeyances(402/354985) ........  Done!
Parsing abeyancies(403/354985) ........  Done!
Parsing abeyancy(404/354985) ........  Done!
Parsing abeyant(405/354985) ........  Done!
Parsing abfarad(406/354985) ........  Done!
Parsing abfarads(407/354985) ........  Done!
Parsing abhenries(408/354985) ........  Done!
Parsing abhenry(409/354985) ........  Done!
Parsing abhenrys(410/354985) ........  Done!
Parsing abhinaya(411/354985) ........  Done!
Parsing abhiseka(412/354985) ........  Done!
Parsing abhominable(413/354985) ........  Done!
Parsing abhor(414/354985) ........  Done!
Parsing abhorred(415/354985) ........  Done!
Parsing abhorrence(416/354985) ........  Done!
Parsing abhorrences(417/354985) ........  Done!
Parsing abhorrency(418/354985) ........  Done!
Parsing abhorrent(419/354985) ........  Done!
Parsing abhorrently(420/354985) ........  Done!
Parsing abhorrer(421/354985) ........  Done!
Parsing abhorrers(422/354985) ........  Done!
Parsing abhorrible(423/354985) ........  Done!
Parsing abhorring(424/354985) ........  Done!
Parsing abhors(425/354985) ........  Done!
Parsing abib(426/354985) ........  Done!
Parsing abichite(427/354985) ........  Done!
Parsing abidal(428/354985) ........  Done!
Parsing abidance(429/354985) ........  Done!
Parsing abidances(430/354985) ........  Done!
Parsing abidden(431/354985) ........  Done!
Parsing abide(432/354985) ........  Done!
Parsing abided(433/354985) ........  Done!
Parsing abider(434/354985) ........  Done!
Parsing abiders(435/354985) ........  Done!
Parsing abides(436/354985) ........  Done!
Parsing abidi(437/354985) ........  Done!
Parsing abiding(438/354985) ........  Done!
Parsing abidingly(439/354985) ........  Done!
Parsing abidingness(440/354985) ........  Done!
Parsing abiegh(441/354985) ........  Done!
Parsing abience(442/354985) ........  Done!
Parsing abient(443/354985) ........  Done!
Parsing abietate(444/354985) ........  Done!
Parsing abietene(445/354985) ........  Done!
Parsing abietic(446/354985) ........  Done!
Parsing abietin(447/354985) ........  Done!
Parsing abietineous(448/354985) ........  Done!
Parsing abietinic(449/354985) ........  Done!
Parsing abietite(450/354985) ........  Done!
Parsing abigail(451/354985) ........  Done!
Parsing abigails(452/354985) ........  Done!
Parsing abigailship(453/354985) ........  Done!
Parsing abigeat(454/354985) ........  Done!
Parsing abigei(455/354985) ........  Done!
Parsing abigeus(456/354985) ........  Done!
Parsing abilao(457/354985) ........  Done!
Parsing abilene(458/354985) ........  Done!
Parsing abiliment(459/354985) ........  Done!
Parsing abilitable(460/354985) ........  Done!
Parsing abilities(461/354985) ........  Done!
Parsing ability(462/354985) ........  Done!
Parsing ability's(463/354985) ........  Done!
Parsing abilla(464/354985) ........  Done!
Parsing abilo(465/354985) ........  Done!
Parsing abime(466/354985) ........  Done!
Parsing abintestate(467/354985) ........  Done!
Parsing abiogeneses(468/354985) ........  Done!
Parsing abiogenesis(469/354985) ........  Done!
Parsing abiogenesist(470/354985) ........  Done!
Parsing abiogenetic(471/354985) ........  Done!
Parsing abiogenetical(472/354985) ........  Done!
Parsing abiogenetically(473/354985) ........  Done!
Parsing abiogenist(474/354985) ........  Done!
Parsing abiogenous(475/354985) ........  Done!
Parsing abiogeny(476/354985) ........  Done!
Parsing abiological(477/354985) ........  Done!
Parsing abiologically(478/354985) ........  Done!
Parsing abiology(479/354985) ........  Done!
Parsing abioses(480/354985) ........  Done!
Parsing abiosis(481/354985) ........  Done!
Parsing abiotic(482/354985) ........  Done!
Parsing abiotical(483/354985) ........  Done!
Parsing abiotically(484/354985) ........  Done!
Parsing abiotrophic(485/354985) ........  Done!
Parsing abiotrophy(486/354985) ........  Done!
Parsing abir(487/354985) ........  Done!
Parsing abirritant(488/354985) ........  Done!
Parsing abirritate(489/354985) ........  Done!
Parsing abirritated(490/354985) ........  Done!
Parsing abirritating(491/354985) ........  Done!
Parsing abirritation(492/354985) ........  Done!
Parsing abirritative(493/354985) ........  Done!
Parsing abiston(494/354985) ........  Done!
Parsing abit(495/354985) ........  Done!
Parsing abiuret(496/354985) ........  Done!
Parsing abject(497/354985) ........  Done!
Parsing abjectedness(498/354985) ........  Done!
Parsing abjection(499/354985) ........  Done!
Parsing abjections(500/354985) ........  Done!
Parsing abjective(501/354985) ........  Done!
Parsing abjectly(502/354985) ........  Done!
Parsing abjectness(503/354985) ........  Done!
Parsing abjoint(504/354985) ........  Done!
Parsing abjudge(505/354985) ........  Done!
Parsing abjudged(506/354985) ........  Done!
Parsing abjudging(507/354985) ........  Done!
Parsing abjudicate(508/354985) ........  Done!
Parsing abjudicated(509/354985) ........  Done!
Parsing abjudicating(510/354985) ........  Done!
Parsing abjudication(511/354985) ........  Done!
Parsing abjudicator(512/354985) ........  Done!
Parsing abjugate(513/354985) ........  Done!
Parsing abjunct(514/354985) ........  Done!
Parsing abjunction(515/354985) ........  Done!
Parsing abjunctive(516/354985) ........  Done!
Parsing abjuration(517/354985) ........  Done!
Parsing abjurations(518/354985) ........  Done!
Parsing abjuratory(519/354985) ........  Done!
Parsing abjure(520/354985) ........  Done!
Parsing abjured(521/354985) ........  Done!
Parsing abjurement(522/354985) ........  Done!
Parsing abjurer(523/354985) ........  Done!
Parsing abjurers(524/354985) ........  Done!
Parsing abjures(525/354985) ........  Done!
Parsing abjuring(526/354985) ........  Done!
Parsing abkar(527/354985) ........  Done!
Parsing abkari(528/354985) ........  Done!
Parsing abkary(529/354985) ........  Done!
Parsing abl(530/354985) ........  Done!
Parsing ablach(531/354985) ........  Done!
Parsing ablactate(532/354985) ........  Done!
Parsing ablactated(533/354985) ........  Done!
Parsing ablactating(534/354985) ........  Done!
Parsing ablactation(535/354985) ........  Done!
Parsing ablaqueate(536/354985) ........  Done!
Parsing ablare(537/354985) ........  Done!
Parsing ablastemic(538/354985) ........  Done!
Parsing ablastin(539/354985) ........  Done!
Parsing ablastous(540/354985) ........  Done!
Parsing ablate(541/354985) ........  Done!
Parsing ablated(542/354985) ........  Done!
Parsing ablates(543/354985) ........  Done!
Parsing ablating(544/354985) ........  Done!
Parsing ablation(545/354985) ........  Done!
Parsing ablations(546/354985) ........  Done!
Parsing ablatitious(547/354985) ........  Done!
Parsing ablatival(548/354985) ........  Done!
Parsing ablative(549/354985) ........  Done!
Parsing ablatively(550/354985) ........  Done!
Parsing ablatives(551/354985) ........  Done!
Parsing ablator(552/354985) ........  Done!
Parsing ablaut(553/354985) ........  Done!
Parsing ablauts(554/354985) ........  Done!
Parsing ablaze(555/354985) ........  Done!
Parsing able(556/354985) ........  Done!
Parsing ableeze(557/354985) ........  Done!
Parsing ablegate(558/354985) ........  Done!
Parsing ablegates(559/354985) ........  Done!
Parsing ablegation(560/354985) ........  Done!
Parsing ablend(561/354985) ........  Done!
Parsing ableness(562/354985) ........  Done!
Parsing ablepharia(563/354985) ........  Done!
Parsing ablepharon(564/354985) ........  Done!
Parsing ablepharous(565/354985) ........  Done!
Parsing ablepsia(566/354985) ........  Done!
Parsing ablepsy(567/354985) ........  Done!
Parsing ableptical(568/354985) ........  Done!
Parsing ableptically(569/354985) ........  Done!
Parsing abler(570/354985) ........  Done!
Parsing ables(571/354985) ........  Done!
Parsing ablesse(572/354985) ........  Done!
Parsing ablest(573/354985) ........  Done!
Parsing ablet(574/354985) ........  Done!
Parsing ablewhackets(575/354985) ........  Done!
Parsing ablings(576/354985) ........  Done!
Parsing ablins(577/354985) ........  Done!
Parsing ablock(578/354985) ........  Done!
Parsing abloom(579/354985) ........  Done!
Parsing ablow(580/354985) ........  Done!
Parsing ablude(581/354985) ........  Done!
Parsing abluent(582/354985) ........  Done!
Parsing abluents(583/354985) ........  Done!
Parsing ablush(584/354985) ........  Done!
Parsing ablute(585/354985) ........  Done!
Parsing abluted(586/354985) ........  Done!
Parsing ablution(587/354985) ........  Done!
Parsing ablutionary(588/354985) ........  Done!
Parsing ablutions(589/354985) ........  Done!
Parsing abluvion(590/354985) ........  Done!
Parsing ably(591/354985) ........  Done!
Parsing abmho(592/354985) ........  Done!
Parsing abmhos(593/354985) ........  Done!
Parsing abmodalities(594/354985) ........  Done!
Parsing abmodality(595/354985) ........  Done!
Parsing abn(596/354985) ........  Done!
Parsing abnegate(597/354985) ........  Done!
Parsing abnegated(598/354985) ........  Done!
Parsing abnegates(599/354985) ........  Done!
Parsing abnegating(600/354985) ........  Done!
Parsing abnegation(601/354985) ........  Done!
Parsing abnegations(602/354985) ........  Done!
Parsing abnegative(603/354985) ........  Done!
Parsing abnegator(604/354985) ........  Done!
Parsing abnegators(605/354985) ........  Done!
Parsing abner(606/354985) ........  Done!
Parsing abnerval(607/354985) ........  Done!
Parsing abnet(608/354985) ........  Done!
Parsing abneural(609/354985) ........  Done!
Parsing abnormal(610/354985) ........  Done!
Parsing abnormalcies(611/354985) ........  Done!
Parsing abnormalcy(612/354985) ........  Done!
Parsing abnormalise(613/354985) ........  Done!
Parsing abnormalised(614/354985) ........  Done!
Parsing abnormalising(615/354985) ........  Done!
Parsing abnormalism(616/354985) ........  Done!
Parsing abnormalist(617/354985) ........  Done!
Parsing abnormalities(618/354985) ........  Done!
Parsing abnormality(619/354985) ........  Done!
Parsing abnormalize(620/354985) ........  Done!
Parsing abnormalized(621/354985) ........  Done!
Parsing abnormalizing(622/354985) ........  Done!
Parsing abnormally(623/354985) ........  Done!
Parsing abnormalness(624/354985) ........  Done!
Parsing abnormals(625/354985) ........  Done!
Parsing abnormities(626/354985) ........  Done!
Parsing abnormity(627/354985) ........  Done!
Parsing abnormous(628/354985) ........  Done!
Parsing abnumerable(629/354985) ........  Done!
Parsing abo(630/354985) ........  Done!
Parsing aboard(631/354985) ........  Done!
Parsing aboardage(632/354985) ........  Done!
Parsing abococket(633/354985) ........  Done!
Parsing abodah(634/354985) ........  Done!
Parsing abode(635/354985) ........  Done!
Parsing abode's(636/354985) ........  Done!
Parsing aboded(637/354985) ........  Done!
Parsing abodement(638/354985) ........  Done!
Parsing abodes(639/354985) ........  Done!
Parsing aboding(640/354985) ........  Done!
Parsing abody(641/354985) ........  Done!
Parsing abogado(642/354985) ........  Done!
Parsing abogados(643/354985) ........  Done!
Parsing abohm(644/354985) ........  Done!
Parsing abohms(645/354985) ........  Done!
Parsing aboideau(646/354985) ........  Done!
Parsing aboideaus(647/354985) ........  Done!
Parsing aboideaux(648/354985) ........  Done!
Parsing aboil(649/354985) ........  Done!
Parsing aboiteau(650/354985) ........  Done!
Parsing aboiteaus(651/354985) ........  Done!
Parsing aboiteaux(652/354985) ........  Done!
Parsing abolete(653/354985) ........  Done!
Parsing abolish(654/354985) ........  Done!
Parsing abolishable(655/354985) ........  Done!
Parsing abolished(656/354985) ........  Done!
Parsing abolisher(657/354985) ........  Done!
Parsing abolishers(658/354985) ........  Done!
Parsing abolishes(659/354985) ........  Done!
Parsing abolishing(660/354985) ........  Done!
Parsing abolishment(661/354985) ........  Done!
Parsing abolishment's(662/354985) ........  Done!
Parsing abolishments(663/354985) ........  Done!
Parsing abolition(664/354985) ........  Done!
Parsing abolitionary(665/354985) ........  Done!
Parsing abolitionise(666/354985) ........  Done!
Parsing abolitionised(667/354985) ........  Done!
Parsing abolitionising(668/354985) ........  Done!
Parsing abolitionism(669/354985) ........  Done!
Parsing abolitionist(670/354985) ........  Done!
Parsing abolitionists(671/354985) ........  Done!
Parsing abolitionize(672/354985) ........  Done!
Parsing abolitionized(673/354985) ........  Done!
Parsing abolitionizing(674/354985) ........  Done!
Parsing abolla(675/354985) ........  Done!
Parsing abollae(676/354985) ........  Done!
Parsing aboma(677/354985) ........  Done!
Parsing abomas(678/354985) ........  Done!
Parsing abomasa(679/354985) ........  Done!
Parsing abomasal(680/354985) ........  Done!
Parsing abomasi(681/354985) ........  Done!
Parsing abomasum(682/354985) ........  Done!
Parsing abomasus(683/354985) ........  Done!
Parsing abomasusi(684/354985) ........  Done!
Parsing abominability(685/354985) ........  Done!
Parsing abominable(686/354985) ........  Done!
Parsing abominableness(687/354985) ........  Done!
Parsing abominably(688/354985) ........  Done!
Parsing abominate(689/354985) ........  Done!
Parsing abominated(690/354985) ........  Done!
Parsing abominates(691/354985) ........  Done!
Parsing abominating(692/354985) ........  Done!
Parsing abomination(693/354985) ........  Done!
Parsing abominations(694/354985) ........  Done!
Parsing abominator(695/354985) ........  Done!
Parsing abominators(696/354985) ........  Done!
Parsing abomine(697/354985) ........  Done!
Parsing abondance(698/354985) ........  Done!
Parsing abonne(699/354985) ........  Done!
Parsing abonnement(700/354985) ........  Done!
Parsing aboon(701/354985) ........  Done!
Parsing aborad(702/354985) ........  Done!
Parsing aboral(703/354985) ........  Done!
Parsing aborally(704/354985) ........  Done!
Parsing abord(705/354985) ........  Done!
Parsing aboriginal(706/354985) ........  Done!
Parsing aboriginality(707/354985) ........  Done!
Parsing aboriginally(708/354985) ........  Done!
Parsing aboriginals(709/354985) ........  Done!
Parsing aboriginary(710/354985) ........  Done!
Parsing aborigine(711/354985) ........  Done!
Parsing aborigine's(712/354985) ........  Done!
Parsing aborigines(713/354985) ........  Done!
Parsing aborning(714/354985) ........  Done!
Parsing aborsement(715/354985) ........  Done!
Parsing aborsive(716/354985) ........  Done!
Parsing abort(717/354985) ........  Done!
Parsing aborted(718/354985) ........  Done!
Parsing aborter(719/354985) ........  Done!
Parsing aborters(720/354985) ........  Done!
Parsing aborticide(721/354985) ........  Done!
Parsing abortient(722/354985) ........  Done!
Parsing abortifacient(723/354985) ........  Done!
Parsing abortin(724/354985) ........  Done!
Parsing aborting(725/354985) ........  Done!
Parsing abortion(726/354985) ........  Done!
Parsing abortion's(727/354985) ........  Done!
Parsing abortional(728/354985) ........  Done!
Parsing abortionist(729/354985) ........  Done!
Parsing abortionists(730/354985) ........  Done!
Parsing abortions(731/354985) ........  Done!
Parsing abortive(732/354985) ........  Done!
Parsing abortively(733/354985) ........  Done!
Parsing abortiveness(734/354985) ........  Done!
Parsing abortogenic(735/354985) ........  Done!
Parsing aborts(736/354985) ........  Done!
Parsing abortus(737/354985) ........  Done!
Parsing abortuses(738/354985) ........  Done!
Parsing abos(739/354985) ........  Done!
Parsing abote(740/354985) ........  Done!
Parsing abouchement(741/354985) ........  Done!
Parsing aboudikro(742/354985) ........  Done!
Parsing abought(743/354985) ........  Done!
Parsing aboulia(744/354985) ........  Done!
Parsing aboulias(745/354985) ........  Done!
Parsing aboulic(746/354985) ........  Done!
Parsing abound(747/354985) ........  Done!
Parsing abounded(748/354985) ........  Done!
Parsing abounder(749/354985) ........  Done!
Parsing abounding(750/354985) ........  Done!
Parsing aboundingly(751/354985) ........  Done!
Parsing abounds(752/354985) ........  Done!
Parsing about(753/354985) ........  Done!
Parsing abouts(754/354985) ........  Done!
Parsing above(755/354985) ........  Done!
Parsing aboveboard(756/354985) ........  Done!
Parsing abovedeck(757/354985) ........  Done!
Parsing aboveground(758/354985) ........  Done!
Parsing abovementioned(759/354985) ........  Done!
Parsing aboveproof(760/354985) ........  Done!
Parsing aboves(761/354985) ........  Done!
Parsing abovesaid(762/354985) ........  Done!
Parsing abovestairs(763/354985) ........  Done!
Parsing abow(764/354985) ........  Done!
Parsing abox(765/354985) ........  Done!
Parsing abp(766/354985) ........  Done!
Parsing abr(767/354985) ........  Done!
Parsing abracadabra(768/354985) ........  Done!
Parsing abrachia(769/354985) ........  Done!
Parsing abrachias(770/354985) ........  Done!
Parsing abradable(771/354985) ........  Done!
Parsing abradant(772/354985) ........  Done!
Parsing abradants(773/354985) ........  Done!
Parsing abrade(774/354985) ........  Done!
Parsing abraded(775/354985) ........  Done!
Parsing abrader(776/354985) ........  Done!
Parsing abraders(777/354985) ........  Done!
Parsing abrades(778/354985) ........  Done!
Parsing abrading(779/354985) ........  Done!
Parsing abraham(780/354985) ........  Done!
Parsing abraid(781/354985) ........  Done!
Parsing abranchial(782/354985) ........  Done!
Parsing abranchialism(783/354985) ........  Done!
Parsing abranchian(784/354985) ........  Done!
Parsing abranchiate(785/354985) ........  Done!
Parsing abranchious(786/354985) ........  Done!
Parsing abrasax(787/354985) ........  Done!
Parsing abrase(788/354985) ........  Done!
Parsing abrased(789/354985) ........  Done!
Parsing abraser(790/354985) ........  Done!
Parsing abrash(791/354985) ........  Done!
Parsing abrasing(792/354985) ........  Done!
Parsing abrasiometer(793/354985) ........  Done!
Parsing abrasion(794/354985) ........  Done!
Parsing abrasion's(795/354985) ........  Done!
Parsing abrasions(796/354985) ........  Done!
Parsing abrasive(797/354985) ........  Done!
Parsing abrasively(798/354985) ........  Done!
Parsing abrasiveness(799/354985) ........  Done!
Parsing abrasives(800/354985) ........  Done!
Parsing abrastol(801/354985) ........  Done!
Parsing abraum(802/354985) ........  Done!
Parsing abraxas(803/354985) ........  Done!
Parsing abray(804/354985) ........  Done!
Parsing abrazite(805/354985) ........  Done!
Parsing abrazitic(806/354985) ........  Done!
Parsing abrazo(807/354985) ........  Done!
Parsing abrazos(808/354985) ........  Done!
Parsing abreact(809/354985) ........  Done!
Parsing abreacted(810/354985) ........  Done!
Parsing abreacting(811/354985) ........  Done!
Parsing abreaction(812/354985) ........  Done!
Parsing abreactions(813/354985) ........  Done!
Parsing abreacts(814/354985) ........  Done!
Parsing abreast(815/354985) ........  Done!
Parsing abreed(816/354985) ........  Done!
Parsing abrege(817/354985) ........  Done!
Parsing abreid(818/354985) ........  Done!
Parsing abrenounce(819/354985) ........  Done!
Parsing abrenunciate(820/354985) ........  Done!
Parsing abrenunciation(821/354985) ........  Done!
Parsing abreption(822/354985) ........  Done!
Parsing abret(823/354985) ........  Done!
Parsing abreuvoir(824/354985) ........  Done!
Parsing abri(825/354985) ........  Done!
Parsing abrico(826/354985) ........  Done!
Parsing abricock(827/354985) ........  Done!
Parsing abricot(828/354985) ........  Done!
Parsing abridgable(829/354985) ........  Done!
Parsing abridge(830/354985) ........  Done!
Parsing abridgeable(831/354985) ........  Done!
Parsing abridged(832/354985) ........  Done!
Parsing abridgedly(833/354985) ........  Done!
Parsing abridgement(834/354985) ........  Done!
Parsing abridgements(835/354985) ........  Done!
Parsing abridger(836/354985) ........  Done!
Parsing abridgers(837/354985) ........  Done!
Parsing abridges(838/354985) ........  Done!
Parsing abridging(839/354985) ........  Done!
Parsing abridgment(840/354985) ........  Done!
Parsing abridgments(841/354985) ........  Done!
Parsing abrim(842/354985) ........  Done!
Parsing abrin(843/354985) ........  Done!
Parsing abrine(844/354985) ........  Done!
Parsing abris(845/354985) ........  Done!
Parsing abristle(846/354985) ........  Done!
Parsing abroach(847/354985) ........  Done!
Parsing abroad(848/354985) ........  Done!
Parsing abrocome(849/354985) ........  Done!
Parsing abrogable(850/354985) ........  Done!
Parsing abrogate(851/354985) ........  Done!
Parsing abrogated(852/354985) ........  Done!
Parsing abrogates(853/354985) ........  Done!
Parsing abrogating(854/354985) ........  Done!
Parsing abrogation(855/354985) ........  Done!
Parsing abrogations(856/354985) ........  Done!
Parsing abrogative(857/354985) ........  Done!
Parsing abrogator(858/354985) ........  Done!
Parsing abrogators(859/354985) ........  Done!
Parsing abronia(860/354985) ........  Done!
Parsing abrood(861/354985) ........  Done!
Parsing abrook(862/354985) ........  Done!
Parsing abrosia(863/354985) ........  Done!
Parsing abrosias(864/354985) ........  Done!
Parsing abrotanum(865/354985) ........  Done!
Parsing abrotin(866/354985) ........  Done!
Parsing abrotine(867/354985) ........  Done!
Parsing abrupt(868/354985) ........  Done!
Parsing abruptedly(869/354985) ........  Done!
Parsing abrupter(870/354985) ........  Done!
Parsing abruptest(871/354985) ........  Done!
Parsing abruptio(872/354985) ........  Done!
Parsing abruption(873/354985) ........  Done!
Parsing abruptiones(874/354985) ........  Done!
Parsing abruptly(875/354985) ........  Done!
Parsing abruptness(876/354985) ........  Done!
Parsing abs(877/354985) ........  Done!
Parsing absampere(878/354985) ........  Done!
Parsing absarokite(879/354985) ........  Done!
Parsing abscam(880/354985) ........  Done!
Parsing abscess(881/354985) ........  Done!
Parsing abscessed(882/354985) ........  Done!
Parsing abscesses(883/354985) ........  Done!
Parsing abscessing(884/354985) ........  Done!
Parsing abscession(885/354985) ........  Done!
Parsing abscessroot(886/354985) ........  Done!
Parsing abscind(887/354985) ........  Done!
Parsing abscise(888/354985) ........  Done!
Parsing abscised(889/354985) ........  Done!
Parsing abscises(890/354985) ........  Done!
Parsing abscising(891/354985) ........  Done!
Parsing abscisins(892/354985) ........  Done!
Parsing abscision(893/354985) ........  Done!
Parsing absciss(894/354985) ........  Done!
Parsing abscissa(895/354985) ........  Done!
Parsing abscissa's(896/354985) ........  Done!
Parsing abscissae(897/354985) ........  Done!
Parsing abscissas(898/354985) ........  Done!
Parsing abscisse(899/354985) ........  Done!
Parsing abscissin(900/354985) ........  Done!
Parsing abscission(901/354985) ........  Done!
Parsing abscissions(902/354985) ........  Done!
Parsing absconce(903/354985) ........  Done!
Parsing abscond(904/354985) ........  Done!
Parsing absconded(905/354985) ........  Done!
Parsing abscondedly(906/354985) ........  Done!
Parsing abscondence(907/354985) ........  Done!
Parsing absconder(908/354985) ........  Done!
Parsing absconders(909/354985) ........  Done!
Parsing absconding(910/354985) ........  Done!
Parsing absconds(911/354985) ........  Done!
Parsing absconsa(912/354985) ........  Done!
Parsing abscoulomb(913/354985) ........  Done!
Parsing abscound(914/354985) ........  Done!
Parsing absee(915/354985) ........  Done!
Parsing abseil(916/354985) ........  Done!
Parsing abseiled(917/354985) ........  Done!
Parsing abseiling(918/354985) ........  Done!
Parsing abseils(919/354985) ........  Done!
Parsing absence(920/354985) ........  Done!
Parsing absence's(921/354985) ........  Done!
Parsing absences(922/354985) ........  Done!
Parsing absent(923/354985) ........  Done!
Parsing absentation(924/354985) ........  Done!
Parsing absented(925/354985) ........  Done!
Parsing absentee(926/354985) ........  Done!
Parsing absentee's(927/354985) ........  Done!
Parsing absenteeism(928/354985) ........  Done!
Parsing absentees(929/354985) ........  Done!
Parsing absenteeship(930/354985) ........  Done!
Parsing absenter(931/354985) ........  Done!
Parsing absenters(932/354985) ........  Done!
Parsing absentia(933/354985) ........  Done!
Parsing absenting(934/354985) ........  Done!
Parsing absently(935/354985) ........  Done!
Parsing absentment(936/354985) ........  Done!
Parsing absentminded(937/354985) ........  Done!
Parsing absentmindedly(938/354985) ........  Done!
Parsing absentmindedness(939/354985) ........  Done!
Parsing absentness(940/354985) ........  Done!
Parsing absents(941/354985) ........  Done!
Parsing absey(942/354985) ........  Done!
Parsing absfarad(943/354985) ........  Done!
Parsing abshenry(944/354985) ........  Done!
Parsing absinth(945/354985) ........  Done!
Parsing absinthe(946/354985) ........  Done!
Parsing absinthes(947/354985) ........  Done!
Parsing absinthial(948/354985) ........  Done!
Parsing absinthian(949/354985) ........  Done!
Parsing absinthiate(950/354985) ........  Done!
Parsing absinthiated(951/354985) ........  Done!
Parsing absinthiating(952/354985) ........  Done!
Parsing absinthic(953/354985) ........  Done!
Parsing absinthiin(954/354985) ........  Done!
Parsing absinthin(955/354985) ........  Done!
Parsing absinthine(956/354985) ........  Done!
Parsing absinthism(957/354985) ........  Done!
Parsing absinthismic(958/354985) ........  Done!
Parsing absinthium(959/354985) ........  Done!
Parsing absinthol(960/354985) ........  Done!
Parsing absinthole(961/354985) ........  Done!
Parsing absinths(962/354985) ........  Done!
Parsing absis(963/354985) ........  Done!
Parsing absist(964/354985) ........  Done!
Parsing absistos(965/354985) ........  Done!
Parsing absit(966/354985) ........  Done!
Parsing absmho(967/354985) ........  Done!
Parsing absohm(968/354985) ........  Done!
Parsing absoil(969/354985) ........  Done!
Parsing absolent(970/354985) ........  Done!
Parsing absolute(971/354985) ........  Done!
Parsing absolutely(972/354985) ........  Done!
Parsing absoluteness(973/354985) ........  Done!
Parsing absoluter(974/354985) ........  Done!
Parsing absolutes(975/354985) ........  Done!
Parsing absolutest(976/354985) ........  Done!
Parsing absolution(977/354985) ........  Done!
Parsing absolutions(978/354985) ........  Done!
Parsing absolutism(979/354985) ........  Done!
Parsing absolutist(980/354985) ........  Done!
Parsing absolutista(981/354985) ........  Done!
Parsing absolutistic(982/354985) ........  Done!
Parsing absolutistically(983/354985) ........  Done!
Parsing absolutists(984/354985) ........  Done!
Parsing absolutive(985/354985) ........  Done!
Parsing absolutization(986/354985) ........  Done!
Parsing absolutize(987/354985) ........  Done!
Parsing absolutory(988/354985) ........  Done!
Parsing absolvable(989/354985) ........  Done!
Parsing absolvatory(990/354985) ........  Done!
Parsing absolve(991/354985) ........  Done!
Parsing absolved(992/354985) ........  Done!
Parsing absolvent(993/354985) ........  Done!
Parsing absolver(994/354985) ........  Done!
Parsing absolvers(995/354985) ........  Done!
Parsing absolves(996/354985) ........  Done!
Parsing absolving(997/354985) ........  Done!
Parsing absolvitor(998/354985) ........  Done!
Parsing absolvitory(999/354985) ........  Done!
Parsing absonant(1000/354985) ........  Done!
Parsing absonous(1001/354985) ........  Done!
Parsing absorb(1002/354985) ........  Done!
Parsing absorbability(1003/354985) ........  Done!
Parsing absorbable(1004/354985) ........  Done!
Parsing absorbance(1005/354985) ........  Done!
Parsing absorbancy(1006/354985) ........  Done!
Parsing absorbant(1007/354985) ........  Done!
Parsing absorbed(1008/354985) ........  Done!
Parsing absorbedly(1009/354985) ........  Done!
Parsing absorbedness(1010/354985) ........  Done!
Parsing absorbefacient(1011/354985) ........  Done!
Parsing absorbencies(1012/354985) ........  Done!
Parsing absorbency(1013/354985) ........  Done!
Parsing absorbent(1014/354985) ........  Done!
Parsing absorbents(1015/354985) ........  Done!
Parsing absorber(1016/354985) ........  Done!
Parsing absorbers(1017/354985) ........  Done!
Parsing absorbing(1018/354985) ........  Done!
Parsing absorbingly(1019/354985) ........  Done!
Parsing absorbition(1020/354985) ........  Done!
Parsing absorbs(1021/354985) ........  Done!
Parsing absorbtion(1022/354985) ........  Done!
Parsing absorpt(1023/354985) ........  Done!
Parsing absorptance(1024/354985) ........  Done!
Parsing absorptiometer(1025/354985) ........  Done!
Parsing absorptiometric(1026/354985) ........  Done!
Parsing absorption(1027/354985) ........  Done!
Parsing absorption's(1028/354985) ........  Done!
Parsing absorptional(1029/354985) ........  Done!
Parsing absorptions(1030/354985) ........  Done!
Parsing absorptive(1031/354985) ........  Done!
Parsing absorptively(1032/354985) ........  Done!
Parsing absorptiveness(1033/354985) ........  Done!
Parsing absorptivity(1034/354985) ........  Done!
Parsing absquatulate(1035/354985) ........  Done!
Parsing absquatulation(1036/354985) ........  Done!
Parsing abstain(1037/354985) ........  Done!
Parsing abstained(1038/354985) ........  Done!
Parsing abstainer(1039/354985) ........  Done!
Parsing abstainers(1040/354985) ........  Done!
Parsing abstaining(1041/354985) ........  Done!
Parsing abstainment(1042/354985) ........  Done!
Parsing abstains(1043/354985) ........  Done!
Parsing abstemious(1044/354985) ........  Done!
Parsing abstemiously(1045/354985) ........  Done!
Parsing abstemiousness(1046/354985) ........  Done!
Parsing abstention(1047/354985) ........  Done!
Parsing abstentionism(1048/354985) ........  Done!
Parsing abstentionist(1049/354985) ........  Done!
Parsing abstentions(1050/354985) ........  Done!
Parsing abstentious(1051/354985) ........  Done!
Parsing absterge(1052/354985) ........  Done!
Parsing absterged(1053/354985) ........  Done!
Parsing abstergent(1054/354985) ........  Done!
Parsing absterges(1055/354985) ........  Done!
Parsing absterging(1056/354985) ........  Done!
Parsing absterse(1057/354985) ........  Done!
Parsing abstersion(1058/354985) ........  Done!
Parsing abstersive(1059/354985) ........  Done!
Parsing abstersiveness(1060/354985) ........  Done!
Parsing abstertion(1061/354985) ........  Done!
Parsing abstinence(1062/354985) ........  Done!
Parsing abstinency(1063/354985) ........  Done!
Parsing abstinent(1064/354985) ........  Done!
Parsing abstinential(1065/354985) ........  Done!
Parsing abstinently(1066/354985) ........  Done!
Parsing abstort(1067/354985) ........  Done!
Parsing abstr(1068/354985) ........  Done!
Parsing abstract(1069/354985) ........  Done!
Parsing abstractable(1070/354985) ........  Done!
Parsing abstracted(1071/354985) ........  Done!
Parsing abstractedly(1072/354985) ........  Done!
Parsing abstractedness(1073/354985) ........  Done!
Parsing abstracter(1074/354985) ........  Done!
Parsing abstracters(1075/354985) ........  Done!
Parsing abstractest(1076/354985) ........  Done!
Parsing abstracting(1077/354985) ........  Done!
Parsing abstraction(1078/354985) ........  Done!
Parsing abstraction's(1079/354985) ........  Done!
Parsing abstractional(1080/354985) ........  Done!
Parsing abstractionism(1081/354985) ........  Done!
Parsing abstractionist(1082/354985) ........  Done!
Parsing abstractionists(1083/354985) ........  Done!
Parsing abstractions(1084/354985) ........  Done!
Parsing abstractitious(1085/354985) ........  Done!
Parsing abstractive(1086/354985) ........  Done!
Parsing abstractively(1087/354985) ........  Done!
Parsing abstractiveness(1088/354985) ........  Done!
Parsing abstractly(1089/354985) ........  Done!
Parsing abstractness(1090/354985) ........  Done!
Parsing abstractor(1091/354985) ........  Done!
Parsing abstractor's(1092/354985) ........  Done!
Parsing abstractors(1093/354985) ........  Done!
Parsing abstracts(1094/354985) ........  Done!
Parsing abstrahent(1095/354985) ........  Done!
Parsing abstrict(1096/354985) ........  Done!
Parsing abstricted(1097/354985) ........  Done!
Parsing abstricting(1098/354985) ........  Done!
Parsing abstriction(1099/354985) ........  Done!
Parsing abstricts(1100/354985) ........  Done!
Parsing abstrude(1101/354985) ........  Done!
Parsing abstruse(1102/354985) ........  Done!
Parsing abstrusely(1103/354985) ........  Done!
Parsing abstruseness(1104/354985) ........  Done!
Parsing abstrusenesses(1105/354985) ........  Done!
Parsing abstruser(1106/354985) ........  Done!
Parsing abstrusest(1107/354985) ........  Done!
Parsing abstrusion(1108/354985) ........  Done!
Parsing abstrusities(1109/354985) ........  Done!
Parsing abstrusity(1110/354985) ........  Done!
Parsing absume(1111/354985) ........  Done!
Parsing absumption(1112/354985) ........  Done!
Parsing absurd(1113/354985) ........  Done!
Parsing absurder(1114/354985) ........  Done!
Parsing absurdest(1115/354985) ........  Done!
Parsing absurdism(1116/354985) ........  Done!
Parsing absurdist(1117/354985) ........  Done!
Parsing absurdities(1118/354985) ........  Done!
Parsing absurdity(1119/354985) ........  Done!
Parsing absurdity's(1120/354985) ........  Done!
Parsing absurdly(1121/354985) ........  Done!
Parsing absurdness(1122/354985) ........  Done!
Parsing absurds(1123/354985) ........  Done!
Parsing absurdum(1124/354985) ........  Done!
Parsing absvolt(1125/354985) ........  Done!
Parsing abt(1126/354985) ........  Done!
Parsing abterminal(1127/354985) ........  Done!
Parsing abthain(1128/354985) ........  Done!
Parsing abthainrie(1129/354985) ........  Done!
Parsing abthainry(1130/354985) ........  Done!
Parsing abthanage(1131/354985) ........  Done!
Parsing abtruse(1132/354985) ........  Done!
Parsing abu(1133/354985) ........  Done!
Parsing abubble(1134/354985) ........  Done!
Parsing abucco(1135/354985) ........  Done!
Parsing abuilding(1136/354985) ........  Done!
Parsing abuleia(1137/354985) ........  Done!
Parsing abulia(1138/354985) ........  Done!
Parsing abulias(1139/354985) ........  Done!
Parsing abulic(1140/354985) ........  Done!
Parsing abulomania(1141/354985) ........  Done!
Parsing abulyeit(1142/354985) ........  Done!
Parsing abumbral(1143/354985) ........  Done!
Parsing abumbrellar(1144/354985) ........  Done!
Parsing abuna(1145/354985) ........  Done!
Parsing abundance(1146/354985) ........  Done!
Parsing abundances(1147/354985) ........  Done!
Parsing abundancy(1148/354985) ........  Done!
Parsing abundant(1149/354985) ........  Done!
Parsing abundantly(1150/354985) ........  Done!
Parsing abune(1151/354985) ........  Done!
Parsing abura(1152/354985) ........  Done!
Parsing aburabozu(1153/354985) ........  Done!
Parsing aburagiri(1154/354985) ........  Done!
Parsing aburban(1155/354985) ........  Done!
Parsing aburst(1156/354985) ........  Done!
Parsing aburton(1157/354985) ........  Done!
Parsing abusable(1158/354985) ........  Done!
Parsing abusage(1159/354985) ........  Done!
Parsing abuse(1160/354985) ........  Done!
Parsing abused(1161/354985) ........  Done!
Parsing abusedly(1162/354985) ........  Done!
Parsing abusee(1163/354985) ........  Done!
Parsing abuseful(1164/354985) ........  Done!
Parsing abusefully(1165/354985) ........  Done!
Parsing abusefulness(1166/354985) ........  Done!
Parsing abuser(1167/354985) ........  Done!
Parsing abusers(1168/354985) ........  Done!
Parsing abuses(1169/354985) ........  Done!
Parsing abush(1170/354985) ........  Done!
Parsing abusing(1171/354985) ........  Done!
Parsing abusion(1172/354985) ........  Done!
Parsing abusious(1173/354985) ........  Done!
Parsing abusive(1174/354985) ........  Done!
Parsing abusively(1175/354985) ........  Done!
Parsing abusiveness(1176/354985) ........  Done!
Parsing abut(1177/354985) ........  Done!
Parsing abutilon(1178/354985) ........  Done!
Parsing abutilons(1179/354985) ........  Done!
Parsing abutment(1180/354985) ........  Done!
Parsing abutments(1181/354985) ........  Done!
Parsing abuts(1182/354985) ........  Done!
Parsing abuttal(1183/354985) ........  Done!
Parsing abuttals(1184/354985) ........  Done!
Parsing abutted(1185/354985) ........  Done!
Parsing abutter(1186/354985) ........  Done!
Parsing abutter's(1187/354985) ........  Done!
Parsing abutters(1188/354985) ........  Done!
Parsing abutting(1189/354985) ........  Done!
Parsing abuzz(1190/354985) ........  Done!
Parsing abv(1191/354985) ........  Done!
Parsing abvolt(1192/354985) ........  Done!
Parsing abvolts(1193/354985) ........  Done!
Parsing abwab(1194/354985) ........  Done!
Parsing abwatt(1195/354985) ........  Done!
Parsing abwatts(1196/354985) ........  Done!
Parsing aby(1197/354985) ........  Done!
Parsing abye(1198/354985) ........  Done!
Parsing abyes(1199/354985) ........  Done!
Parsing abying(1200/354985) ........  Done!
Parsing abys(1201/354985) ........  Done!
Parsing abysm(1202/354985) ........  Done!
Parsing abysmal(1203/354985) ........  Done!
Parsing abysmally(1204/354985) ........  Done!
Parsing abysms(1205/354985) ........  Done!
Parsing abyss(1206/354985) ........  Done!
Parsing abyss's(1207/354985) ........  Done!
Parsing abyssa(1208/354985) ........  Done!
Parsing abyssal(1209/354985) ........  Done!
Parsing abysses(1210/354985) ........  Done!
Parsing abyssinia(1211/354985) ........  Done!
Parsing abyssinian(1212/354985) ........  Done!
Parsing abyssinians(1213/354985) ........  Done!
Parsing abyssobenthonic(1214/354985) ........  Done!
Parsing abyssolith(1215/354985) ........  Done!
Parsing abyssopelagic(1216/354985) ........  Done!
Parsing abyssus(1217/354985) ........  Done!
Parsing ac(1218/354985) ........  Done!
Parsing acacatechin(1219/354985) ........  Done!
Parsing acacatechol(1220/354985) ........  Done!
Parsing acacetin(1221/354985) ........  Done!
Parsing acacia(1222/354985) ........  Done!
Parsing acacias(1223/354985) ........  Done!
Parsing acaciin(1224/354985) ........  Done!
Parsing acacin(1225/354985) ........  Done!
Parsing acacine(1226/354985) ........  Done!
Parsing acad(1227/354985) ........  Done!
Parsing academe(1228/354985) ........  Done!
Parsing academes(1229/354985) ........  Done!
Parsing academia(1230/354985) ........  Done!
Parsing academial(1231/354985) ........  Done!
Parsing academian(1232/354985) ........  Done!
Parsing academias(1233/354985) ........  Done!
Parsing academic(1234/354985) ........  Done!
Parsing academical(1235/354985) ........  Done!
Parsing academically(1236/354985) ........  Done!
Parsing academicals(1237/354985) ........  Done!
Parsing academician(1238/354985) ........  Done!
Parsing academicians(1239/354985) ........  Done!
Parsing academicianship(1240/354985) ........  Done!
Parsing academicism(1241/354985) ........  Done!
Parsing academics(1242/354985) ........  Done!
Parsing academie(1243/354985) ........  Done!
Parsing academies(1244/354985) ........  Done!
Parsing academise(1245/354985) ........  Done!
Parsing academised(1246/354985) ........  Done!
Parsing academising(1247/354985) ........  Done!
Parsing academism(1248/354985) ........  Done!
Parsing academist(1249/354985) ........  Done!
Parsing academite(1250/354985) ........  Done!
Parsing academization(1251/354985) ........  Done!
Parsing academize(1252/354985) ........  Done!
Parsing academized(1253/354985) ........  Done!
Parsing academizing(1254/354985) ........  Done!
Parsing academy(1255/354985) ........  Done!
Parsing academy's(1256/354985) ........  Done!
Parsing acadia(1257/354985) ........  Done!
Parsing acadialite(1258/354985) ........  Done!
Parsing acadian(1259/354985) ........  Done!
Parsing acaena(1260/354985) ........  Done!
Parsing acajou(1261/354985) ........  Done!
Parsing acajous(1262/354985) ........  Done!
Parsing acalculia(1263/354985) ........  Done!
Parsing acale(1264/354985) ........  Done!
Parsing acaleph(1265/354985) ........  Done!
Parsing acalepha(1266/354985) ........  Done!
Parsing acalephae(1267/354985) ........  Done!
Parsing acalephan(1268/354985) ........  Done!
Parsing acalephe(1269/354985) ........  Done!
Parsing acalephes(1270/354985) ........  Done!
Parsing acalephoid(1271/354985) ........  Done!
Parsing acalephs(1272/354985) ........  Done!
Parsing acalycal(1273/354985) ........  Done!
Parsing acalycine(1274/354985) ........  Done!
Parsing acalycinous(1275/354985) ........  Done!
Parsing acalyculate(1276/354985) ........  Done!
Parsing acalyptrate(1277/354985) ........  Done!
Parsing acampsia(1278/354985) ........  Done!
Parsing acana(1279/354985) ........  Done!
Parsing acanaceous(1280/354985) ........  Done!
Parsing acanonical(1281/354985) ........  Done!
Parsing acanth(1282/354985) ........  Done!
Parsing acantha(1283/354985) ........  Done!
Parsing acanthaceous(1284/354985) ........  Done!
Parsing acanthad(1285/354985) ........  Done!
Parsing acanthi(1286/354985) ........  Done!
Parsing acanthial(1287/354985) ........  Done!
Parsing acanthin(1288/354985) ........  Done!
Parsing acanthine(1289/354985) ........  Done!
Parsing acanthion(1290/354985) ........  Done!
Parsing acanthite(1291/354985) ........  Done!
Parsing acanthocarpous(1292/354985) ........  Done!
Parsing acanthocephalan(1293/354985) ........  Done!
Parsing acanthocephalous(1294/354985) ........  Done!
Parsing acanthocladous(1295/354985) ........  Done!
Parsing acanthodean(1296/354985) ........  Done!
Parsing acanthodian(1297/354985) ........  Done!
Parsing acanthoid(1298/354985) ........  Done!
Parsing acanthological(1299/354985) ........  Done!
Parsing acanthology(1300/354985) ........  Done!
Parsing acantholysis(1301/354985) ........  Done!
Parsing acanthoma(1302/354985) ........  Done!
Parsing acanthomas(1303/354985) ........  Done!
Parsing acanthon(1304/354985) ........  Done!
Parsing acanthophorous(1305/354985) ........  Done!
Parsing acanthopod(1306/354985) ........  Done!
Parsing acanthopodous(1307/354985) ........  Done!
Parsing acanthopomatous(1308/354985) ........  Done!
Parsing acanthopore(1309/354985) ........  Done!
Parsing acanthopteran(1310/354985) ........  Done!
Parsing acanthopterous(1311/354985) ........  Done!
Parsing acanthopterygian(1312/354985) ........  Done!
Parsing acanthoses(1313/354985) ........  Done!
Parsing acanthosis(1314/354985) ........  Done!
Parsing acanthotic(1315/354985) ........  Done!
Parsing acanthous(1316/354985) ........  Done!
Parsing acanthus(1317/354985) ........  Done!
Parsing acanthuses(1318/354985) ........  Done!
Parsing acanthuthi(1319/354985) ........  Done!
Parsing acapnia(1320/354985) ........  Done!
Parsing acapnial(1321/354985) ........  Done!
Parsing acapnias(1322/354985) ........  Done!
Parsing acappella(1323/354985) ........  Done!
Parsing acapsular(1324/354985) ........  Done!
Parsing acapu(1325/354985) ........  Done!
Parsing acapulco(1326/354985) ........  Done!
Parsing acara(1327/354985) ........  Done!
Parsing acarari(1328/354985) ........  Done!
Parsing acardia(1329/354985) ........  Done!
Parsing acardiac(1330/354985) ........  Done!
Parsing acardite(1331/354985) ........  Done!
Parsing acari(1332/354985) ........  Done!
Parsing acarian(1333/354985) ........  Done!
Parsing acariasis(1334/354985) ........  Done!
Parsing acariatre(1335/354985) ........  Done!
Parsing acaricidal(1336/354985) ........  Done!
Parsing acaricide(1337/354985) ........  Done!
Parsing acarid(1338/354985) ........  Done!
Parsing acaridae(1339/354985) ........  Done!
Parsing acaridan(1340/354985) ........  Done!
Parsing acaridans(1341/354985) ........  Done!
Parsing acaridean(1342/354985) ........  Done!
Parsing acaridomatia(1343/354985) ........  Done!
Parsing acaridomatium(1344/354985) ........  Done!
Parsing acarids(1345/354985) ........  Done!
Parsing acariform(1346/354985) ........  Done!
Parsing acarine(